

*******************************************************************************
Thu Sep  4 14:45:34 2014


FIT:    data read from 'messung2.dat' u 4:($1*9.81/1000)
        format = x:z
	y range restricted to [0.00000 : 6.00000]
        #datapoints = 4
        residuals are weighted equally (unit weight)

function used for fitting: f3(x)
fitted parameters initialized with current variable values



 Iteration 0
 WSSR        : 89.2378           delta(WSSR)/WSSR   : 0
 delta(WSSR) : 0                 limit for stopping : 1e-05
 lambda	  : 2.75159

initial set of free parameter values

p               = 1
d               = 1

After 5 iterations the fit converged.
final sum of squares of residuals : 4.10821e-06
rel. change during last iteration : -8.12078e-11

degrees of freedom    (FIT_NDF)                        : 2
rms of residuals      (FIT_STDFIT) = sqrt(WSSR/ndf)    : 0.00143322
variance of residuals (reduced chisquare) = WSSR/ndf   : 2.05411e-06

Final set of parameters            Asymptotic Standard Error
=======================            ==========================

p               = 0.00900132       +/- 0.000898     (9.976%)
d               = -0.0146861       +/- 0.003377     (22.99%)


correlation matrix of the fit parameters:

               p      d      
p               1.000 
d              -0.977  1.000 


*******************************************************************************
Thu Sep  4 14:47:38 2014


FIT:    data read from 'messung2.dat' u 4:($1*9.81/1000)
        format = x:z
	y range restricted to [0.00000 : 6.00000]
        #datapoints = 4
        residuals are weighted equally (unit weight)

function used for fitting: f3(x)
fitted parameters initialized with current variable values



 Iteration 0
 WSSR        : 89.2378           delta(WSSR)/WSSR   : 0
 delta(WSSR) : 0                 limit for stopping : 1e-05
 lambda	  : 2.75159

initial set of free parameter values

p               = 1
d               = 1

After 5 iterations the fit converged.
final sum of squares of residuals : 4.10821e-06
rel. change during last iteration : -8.12078e-11

degrees of freedom    (FIT_NDF)                        : 2
rms of residuals      (FIT_STDFIT) = sqrt(WSSR/ndf)    : 0.00143322
variance of residuals (reduced chisquare) = WSSR/ndf   : 2.05411e-06

Final set of parameters            Asymptotic Standard Error
=======================            ==========================

p               = 0.00900132       +/- 0.000898     (9.976%)
d               = -0.0146861       +/- 0.003377     (22.99%)


correlation matrix of the fit parameters:

               p      d      
p               1.000 
d              -0.977  1.000 


*******************************************************************************
Thu Sep  4 15:00:01 2014


FIT:    data read from 'messung2.dat' u ($4*$4):($1*9.81/1000)
        format = x:z
	y range restricted to [0.00000 : 25.0000]
        #datapoints = 4
        residuals are weighted equally (unit weight)

function used for fitting: f3(x)
fitted parameters initialized with current variable values



 Iteration 0
 WSSR        : 1056.09           delta(WSSR)/WSSR   : 0
 delta(WSSR) : 0                 limit for stopping : 1e-05
 lambda	  : 10.8715

initial set of free parameter values

p               = 1
d               = 1

After 5 iterations the fit converged.
final sum of squares of residuals : 4.96033e-07
rel. change during last iteration : -6.74111e-06

degrees of freedom    (FIT_NDF)                        : 2
rms of residuals      (FIT_STDFIT) = sqrt(WSSR/ndf)    : 0.000498012
variance of residuals (reduced chisquare) = WSSR/ndf   : 2.48016e-07

Final set of parameters            Asymptotic Standard Error
=======================            ==========================

p               = 0.0012184        +/- 4.187e-05    (3.436%)
d               = 0.00116253       +/- 0.0006424    (55.26%)


correlation matrix of the fit parameters:

               p      d      
p               1.000 
d              -0.922  1.000 
