

*******************************************************************************
Thu Sep  4 14:45:34 2014


FIT:    data read from 'messung2.dat' u 5:($1*9.81/1000)
        format = x:z
	y range restricted to [0.00000 : 6.00000]
        #datapoints = 4
        residuals are weighted equally (unit weight)

function used for fitting: f4(x)
fitted parameters initialized with current variable values



 Iteration 0
 WSSR        : 87.2583           delta(WSSR)/WSSR   : 0
 delta(WSSR) : 0                 limit for stopping : 1e-05
 lambda	  : 2.71915

initial set of free parameter values

q               = 1
e               = 1

After 5 iterations the fit converged.
final sum of squares of residuals : 2.00119e-06
rel. change during last iteration : -1.59806e-11

degrees of freedom    (FIT_NDF)                        : 2
rms of residuals      (FIT_STDFIT) = sqrt(WSSR/ndf)    : 0.0010003
variance of residuals (reduced chisquare) = WSSR/ndf   : 1.00059e-06

Final set of parameters            Asymptotic Standard Error
=======================            ==========================

q               = 0.00541955       +/- 0.0004984    (9.197%)
e               = -0.0071124       +/- 0.001851     (26.02%)


correlation matrix of the fit parameters:

               q      e      
q               1.000 
e              -0.963  1.000 


*******************************************************************************
Thu Sep  4 14:47:38 2014


FIT:    data read from 'messung2.dat' u 5:($1*9.81/1000)
        format = x:z
	y range restricted to [0.00000 : 6.00000]
        #datapoints = 3
        residuals are weighted equally (unit weight)

function used for fitting: f4(x)
fitted parameters initialized with current variable values



 Iteration 0
 WSSR        : 77.6786           delta(WSSR)/WSSR   : 0
 delta(WSSR) : 0                 limit for stopping : 1e-05
 lambda	  : 2.99277

initial set of free parameter values

q               = 1
e               = 1

After 5 iterations the fit converged.
final sum of squares of residuals : 7.11805e-08
rel. change during last iteration : -6.75207e-07

degrees of freedom    (FIT_NDF)                        : 1
rms of residuals      (FIT_STDFIT) = sqrt(WSSR/ndf)    : 0.000266797
variance of residuals (reduced chisquare) = WSSR/ndf   : 7.11805e-08

Final set of parameters            Asymptotic Standard Error
=======================            ==========================

q               = 0.00653033       +/- 0.0002514    (3.849%)
e               = -0.0118417       +/- 0.001034     (8.729%)


correlation matrix of the fit parameters:

               q      e      
q               1.000 
e              -0.989  1.000 


*******************************************************************************
Thu Sep  4 15:00:01 2014


FIT:    data read from 'messung2.dat' u ($5*$5):($1*9.81/1000)
        format = x:z
	y range restricted to [0.00000 : 25.0000]
        #datapoints = 4
        residuals are weighted equally (unit weight)

function used for fitting: f4(x)
fitted parameters initialized with current variable values



 Iteration 0
 WSSR        : 1064              delta(WSSR)/WSSR   : 0
 delta(WSSR) : 0                 limit for stopping : 1e-05
 lambda	  : 10.9285

initial set of free parameter values

q               = 1
e               = 1

After 6 iterations the fit converged.
final sum of squares of residuals : 3.36627e-08
rel. change during last iteration : 0

degrees of freedom    (FIT_NDF)                        : 2
rms of residuals      (FIT_STDFIT) = sqrt(WSSR/ndf)    : 0.000129736
variance of residuals (reduced chisquare) = WSSR/ndf   : 1.68314e-08

Final set of parameters            Asymptotic Standard Error
=======================            ==========================

q               = 0.000793339      +/- 9.385e-06    (1.183%)
e               = 0.00132434       +/- 0.0001448    (10.93%)


correlation matrix of the fit parameters:

               q      e      
q               1.000 
e              -0.894  1.000 


*******************************************************************************
Thu Sep  4 15:14:49 2014


FIT:    data read from 'messung2.dat' u ($5*$5):($1*9.81/1000):(0.05*9.81/1000)
        format = x:z:s
	y range restricted to [0.00000 : 25.0000]
        #datapoints = 4
function used for fitting: f4(x)
fitted parameters initialized with current variable values



 Iteration 0
 WSSR        : 4.42248e+09       delta(WSSR)/WSSR   : 0
 delta(WSSR) : 0                 limit for stopping : 1e-05
 lambda	  : 22280.3

initial set of free parameter values

q               = 1
e               = 1

After 6 iterations the fit converged.
final sum of squares of residuals : 0.139917
rel. change during last iteration : -7.33974e-15

degrees of freedom    (FIT_NDF)                        : 2
rms of residuals      (FIT_STDFIT) = sqrt(WSSR/ndf)    : 0.264497
variance of residuals (reduced chisquare) = WSSR/ndf   : 0.0699586

Final set of parameters            Asymptotic Standard Error
=======================            ==========================

q               = 0.000793339      +/- 9.385e-06    (1.183%)
e               = 0.00132434       +/- 0.0001448    (10.93%)


correlation matrix of the fit parameters:

               q      e      
q               1.000 
e              -0.894  1.000 


*******************************************************************************
Thu Sep  4 18:24:56 2014


FIT:    data read from 'messung2.dat' u ($5*$5):($1*9.81/1000):(0.05*9.81/1000)
        format = x:z:s
	y range restricted to [0.00000 : 25.0000]
        #datapoints = 4
function used for fitting: f4(x)
fitted parameters initialized with current variable values



 Iteration 0
 WSSR        : 3.9478e+09        delta(WSSR)/WSSR   : 0
 delta(WSSR) : 0                 limit for stopping : 1e-05
 lambda	  : 31443.1

initial set of free parameter values

q               = 1

After 4 iterations the fit converged.
final sum of squares of residuals : 5.99591
rel. change during last iteration : -1.0236e-07

degrees of freedom    (FIT_NDF)                        : 3
rms of residuals      (FIT_STDFIT) = sqrt(WSSR/ndf)    : 1.41373
variance of residuals (reduced chisquare) = WSSR/ndf   : 1.99864

Final set of parameters            Asymptotic Standard Error
=======================            ==========================

q               = 0.000870103      +/- 2.248e-05    (2.584%)


correlation matrix of the fit parameters:

               q      
q               1.000 
