

*******************************************************************************
Thu Sep  4 14:23:56 2014


FIT:    data read from 'messung1.dat' u 1:3
        format = x:z
        #datapoints = 4
        residuals are weighted equally (unit weight)

function used for fitting: f2(x)
fitted parameters initialized with current variable values



 Iteration 0
 WSSR        : 32.5354           delta(WSSR)/WSSR   : 0
 delta(WSSR) : 0                 limit for stopping : 1e-05
 lambda	  : 2.69258

initial set of free parameter values

n               = 1
c               = 1

After 5 iterations the fit converged.
final sum of squares of residuals : 0.0004
rel. change during last iteration : -6.77626e-14

degrees of freedom    (FIT_NDF)                        : 2
rms of residuals      (FIT_STDFIT) = sqrt(WSSR/ndf)    : 0.0141421
variance of residuals (reduced chisquare) = WSSR/ndf   : 0.0002

Final set of parameters            Asymptotic Standard Error
=======================            ==========================

n               = 0.65             +/- 0.006325     (0.973%)
c               = -0.6             +/- 0.02324      (3.873%)


correlation matrix of the fit parameters:

               n      c      
n               1.000 
c              -0.953  1.000 


*******************************************************************************
Thu Sep  4 14:24:15 2014


FIT:    data read from 'messung1.dat' u 1:3
        format = x:z
        #datapoints = 4
        residuals are weighted equally (unit weight)

function used for fitting: f2(x)
fitted parameters initialized with current variable values



 Iteration 0
 WSSR        : 32.5354           delta(WSSR)/WSSR   : 0
 delta(WSSR) : 0                 limit for stopping : 1e-05
 lambda	  : 2.69258

initial set of free parameter values

n               = 1
c               = 1

After 5 iterations the fit converged.
final sum of squares of residuals : 0.0004
rel. change during last iteration : -6.77626e-14

degrees of freedom    (FIT_NDF)                        : 2
rms of residuals      (FIT_STDFIT) = sqrt(WSSR/ndf)    : 0.0141421
variance of residuals (reduced chisquare) = WSSR/ndf   : 0.0002

Final set of parameters            Asymptotic Standard Error
=======================            ==========================

n               = 0.65             +/- 0.006325     (0.973%)
c               = -0.6             +/- 0.02324      (3.873%)


correlation matrix of the fit parameters:

               n      c      
n               1.000 
c              -0.953  1.000 


*******************************************************************************
Thu Sep  4 14:26:37 2014


FIT:    data read from 'messung1.dat' u 1:3
        format = x:z
        #datapoints = 4
        residuals are weighted equally (unit weight)

function used for fitting: f2(x)
fitted parameters initialized with current variable values



 Iteration 0
 WSSR        : 32.5354           delta(WSSR)/WSSR   : 0
 delta(WSSR) : 0                 limit for stopping : 1e-05
 lambda	  : 2.69258

initial set of free parameter values

n               = 1
c               = 1

After 5 iterations the fit converged.
final sum of squares of residuals : 0.0004
rel. change during last iteration : -6.77626e-14

degrees of freedom    (FIT_NDF)                        : 2
rms of residuals      (FIT_STDFIT) = sqrt(WSSR/ndf)    : 0.0141421
variance of residuals (reduced chisquare) = WSSR/ndf   : 0.0002

Final set of parameters            Asymptotic Standard Error
=======================            ==========================

n               = 0.65             +/- 0.006325     (0.973%)
c               = -0.6             +/- 0.02324      (3.873%)


correlation matrix of the fit parameters:

               n      c      
n               1.000 
c              -0.953  1.000 


*******************************************************************************
Thu Sep  4 14:27:54 2014


FIT:    data read from 'messung1.dat' u 1:3
        format = x:z
        #datapoints = 4
        residuals are weighted equally (unit weight)

function used for fitting: f2(x)
fitted parameters initialized with current variable values



 Iteration 0
 WSSR        : 32.5354           delta(WSSR)/WSSR   : 0
 delta(WSSR) : 0                 limit for stopping : 1e-05
 lambda	  : 2.69258

initial set of free parameter values

n               = 1
c               = 1

After 5 iterations the fit converged.
final sum of squares of residuals : 0.0004
rel. change during last iteration : -6.77626e-14

degrees of freedom    (FIT_NDF)                        : 2
rms of residuals      (FIT_STDFIT) = sqrt(WSSR/ndf)    : 0.0141421
variance of residuals (reduced chisquare) = WSSR/ndf   : 0.0002

Final set of parameters            Asymptotic Standard Error
=======================            ==========================

n               = 0.65             +/- 0.006325     (0.973%)
c               = -0.6             +/- 0.02324      (3.873%)


correlation matrix of the fit parameters:

               n      c      
n               1.000 
c              -0.953  1.000 


*******************************************************************************
Thu Sep  4 14:29:02 2014


FIT:    data read from 'messung1.dat' u 1:3
        format = x:z
	y range restricted to [0.00000 : 6.00000]
        #datapoints = 4
        residuals are weighted equally (unit weight)

function used for fitting: f2(x)
fitted parameters initialized with current variable values



 Iteration 0
 WSSR        : 32.5354           delta(WSSR)/WSSR   : 0
 delta(WSSR) : 0                 limit for stopping : 1e-05
 lambda	  : 2.69258

initial set of free parameter values

n               = 1
c               = 1

After 5 iterations the fit converged.
final sum of squares of residuals : 0.0004
rel. change during last iteration : -6.77626e-14

degrees of freedom    (FIT_NDF)                        : 2
rms of residuals      (FIT_STDFIT) = sqrt(WSSR/ndf)    : 0.0141421
variance of residuals (reduced chisquare) = WSSR/ndf   : 0.0002

Final set of parameters            Asymptotic Standard Error
=======================            ==========================

n               = 0.65             +/- 0.006325     (0.973%)
c               = -0.6             +/- 0.02324      (3.873%)


correlation matrix of the fit parameters:

               n      c      
n               1.000 
c              -0.953  1.000 


*******************************************************************************
Thu Sep  4 14:31:09 2014


FIT:    data read from 'messung1.dat' u 1:3:0.02
        format = x:z:s
	y range restricted to [0.00000 : 6.00000]
        #datapoints = 4
function used for fitting: f2(x)
fitted parameters initialized with current variable values



 Iteration 0
 WSSR        : inf               delta(WSSR)/WSSR   : -nan
 delta(WSSR) : -nan              limit for stopping : 1e-05
 lambda	  : inf

initial set of free parameter values

n               = 1
c               = 1

After 1 iterations the fit converged.
final sum of squares of residuals : inf
rel. change during last iteration : -nan

degrees of freedom    (FIT_NDF)                        : 2
rms of residuals      (FIT_STDFIT) = sqrt(WSSR/ndf)    : inf
variance of residuals (reduced chisquare) = WSSR/ndf   : inf

Final set of parameters            Asymptotic Standard Error
=======================            ==========================

n               = 1                +/- -nan         (nan%)
c               = 1                +/- -nan         (nan%)


correlation matrix of the fit parameters:

               n      c      
n                -nan 
c                -nan   -nan 


*******************************************************************************
Thu Sep  4 14:31:53 2014


FIT:    data read from 'messung1.dat' u 1:3:(0.02)
        format = x:z:s
	y range restricted to [0.00000 : 6.00000]
        #datapoints = 4
function used for fitting: f2(x)
fitted parameters initialized with current variable values



 Iteration 0
 WSSR        : 81338.5           delta(WSSR)/WSSR   : 0
 delta(WSSR) : 0                 limit for stopping : 1e-05
 lambda	  : 134.629

initial set of free parameter values

n               = 1
c               = 1

After 5 iterations the fit converged.
final sum of squares of residuals : 1
rel. change during last iteration : -6.77236e-14

degrees of freedom    (FIT_NDF)                        : 2
rms of residuals      (FIT_STDFIT) = sqrt(WSSR/ndf)    : 0.707107
variance of residuals (reduced chisquare) = WSSR/ndf   : 0.5

Final set of parameters            Asymptotic Standard Error
=======================            ==========================

n               = 0.65             +/- 0.006325     (0.973%)
c               = -0.6             +/- 0.02324      (3.873%)


correlation matrix of the fit parameters:

               n      c      
n               1.000 
c              -0.953  1.000 


*******************************************************************************
Thu Sep  4 15:10:00 2014


FIT:    data read from 'messung1.dat' u 1:3:(0.02)
        format = x:z:s
	y range restricted to [0.00000 : 6.00000]
        #datapoints = 4
function used for fitting: f2(x)
fitted parameters initialized with current variable values



 Iteration 0
 WSSR        : 81338.5           delta(WSSR)/WSSR   : 0
 delta(WSSR) : 0                 limit for stopping : 1e-05
 lambda	  : 134.629

initial set of free parameter values

n               = 1
c               = 1

After 5 iterations the fit converged.
final sum of squares of residuals : 1
rel. change during last iteration : -6.77236e-14

degrees of freedom    (FIT_NDF)                        : 2
rms of residuals      (FIT_STDFIT) = sqrt(WSSR/ndf)    : 0.707107
variance of residuals (reduced chisquare) = WSSR/ndf   : 0.5

Final set of parameters            Asymptotic Standard Error
=======================            ==========================

n               = 0.65             +/- 0.006325     (0.973%)
c               = -0.6             +/- 0.02324      (3.873%)


correlation matrix of the fit parameters:

               n      c      
n               1.000 
c              -0.953  1.000 
